12:52:40.884 INFO [GridLauncherV3.parse] - Selenium server version: 3.141.59, revision: e82be7d358
12:52:40.962 INFO [GridLauncherV3.lambda$buildLaunchers$3] - Launching a standalone Selenium Server on port 4444
2019-08-08 12:52:40.993:INFO::main: Logging initialized @316ms to org.seleniumhq.jetty9.util.log.StdErrLog
12:52:41.181 INFO [WebDriverServlet.<init>] - Initialising WebDriverServlet
12:52:41.336 INFO [SeleniumServer.boot] - Selenium Server is up and running on port 4444
12:52:41.904 INFO [ActiveSessionFactory.apply] - Capabilities are: {
  "acceptSslCerts": true,
  "browserName": "chrome",
  "chromeOptions": {
    "args": [
    ],
    "w3c": false
  },
  "name": "Login Page"
}
12:52:41.906 INFO [ActiveSessionFactory.lambda$apply$11] - Matched factory org.openqa.selenium.grid.session.remote.ServicedSession$Factory (provider: org.openqa.selenium.chrome.ChromeDriverService)
Starting ChromeDriver 76.0.3809.68 (420c9498db8ce8fcd190a954d51297672c1515d5-refs/branch-heads/3809@{#864}) on port 6972
Only local connections are allowed.
Please protect ports used by ChromeDriver and related test frameworks to prevent access by malicious code.
12:52:46.555 INFO [ProtocolHandshake.createSession] - Detected dialect: OSS
12:52:46.790 INFO [RemoteSession$Factory.lambda$performHandshake$0] - Started new session 922ab8e1ba4f6302933eb44b0f6ec4b3 (org.openqa.selenium.chrome.ChromeDriverService)
12:52:49.903 INFO [ActiveSessions$1.onStop] - Removing session 922ab8e1ba4f6302933eb44b0f6ec4b3 (org.openqa.selenium.chrome.ChromeDriverService)
